c:\users\jingl\desktop\arbournet\project_src\cudabackend\x64\debug\cuda_backend.pch
c:\users\jingl\desktop\arbournet\project_src\cudabackend\x64\debug\vc145.pdb
c:\users\jingl\desktop\arbournet\project_src\cudabackend\x64\debug\vc145.idb
c:\users\jingl\desktop\arbournet\project_src\cudabackend\x64\debug\pch.obj
c:\users\jingl\desktop\arbournet\project_src\cudabackend\x64\debug\kernel.cu.obj
c:\users\jingl\desktop\arbournet\project_src\x64\debug\cuda_backend.dll
c:\users\jingl\desktop\arbournet\project_src\x64\debug\cuda_backend.pdb
c:\users\jingl\desktop\arbournet\project_src\x64\debug\cuda_backend.lib
c:\users\jingl\desktop\arbournet\project_src\x64\debug\cuda_backend.exp
c:\users\jingl\desktop\arbournet\project_src\cudabackend\x64\debug\cuda_backend.ilk
c:\users\jingl\desktop\arbournet\project_src\cudabackend\x64\debug\kernel.cu.cache
c:\users\jingl\desktop\arbournet\project_src\cudabackend\x64\debug\cudabackend.tlog\cl.command.1.tlog
c:\users\jingl\desktop\arbournet\project_src\cudabackend\x64\debug\cudabackend.tlog\cl.items.tlog
c:\users\jingl\desktop\arbournet\project_src\cudabackend\x64\debug\cudabackend.tlog\cl.read.1.tlog
c:\users\jingl\desktop\arbournet\project_src\cudabackend\x64\debug\cudabackend.tlog\cl.write.1.tlog
c:\users\jingl\desktop\arbournet\project_src\cudabackend\x64\debug\cudabackend.tlog\cudacompile.read.1u.tlog
c:\users\jingl\desktop\arbournet\project_src\cudabackend\x64\debug\cudabackend.tlog\cudacompile.write.1u.tlog
c:\users\jingl\desktop\arbournet\project_src\cudabackend\x64\debug\cudabackend.tlog\link.command.1.tlog
c:\users\jingl\desktop\arbournet\project_src\cudabackend\x64\debug\cudabackend.tlog\link.read.1.tlog
c:\users\jingl\desktop\arbournet\project_src\cudabackend\x64\debug\cudabackend.tlog\link.secondary.1.tlog
c:\users\jingl\desktop\arbournet\project_src\cudabackend\x64\debug\cudabackend.tlog\link.write.1.tlog
